   4.0000000e-03
   4.6884092e-03
   5.4952952e-03
   6.4410481e-03
   7.5495673e-03
   8.8488652e-03
   1.0371775e-02
   1.2156782e-02
   1.4248992e-02
   1.6701276e-02
   1.9575604e-02
   2.2944610e-02
   2.6893430e-02
   3.1521851e-02
   3.6946834e-02
   4.3305469e-02
   5.0758440e-02
   5.9494084e-02
   6.9733153e-02
   8.1734389e-02
   9.5801065e-02
   1.1228865e-01
   1.3161378e-01
   1.5426482e-01
   1.8081415e-01
   2.1193268e-01
   2.4840678e-01
   2.9115815e-01
   3.4126714e-01
   4.0000000e-01
