   1.0000000e-04
   1.4873521e-04
   2.2122163e-04
   3.2903446e-04
   4.8939009e-04
   7.2789538e-04
   1.0826367e-03
   1.6102620e-03
   2.3950266e-03
   3.5622479e-03
   5.2983169e-03
   7.8804628e-03
   1.1721023e-02
   1.7433288e-02
   2.5929438e-02
   3.8566204e-02
   5.7361525e-02
   8.5316785e-02
   1.2689610e-01
   1.8873918e-01
   2.8072162e-01
   4.1753189e-01
   6.2101694e-01
   9.2367086e-01
   1.3738238e+00
   2.0433597e+00
   3.0391954e+00
   4.5203537e+00
   6.7233575e+00
   1.0000000e+01
