#
# A fatal error has been detected by the Java Runtime Environment:
#
#  EXCEPTION_ACCESS_VIOLATION (0xc0000005) at pc=0x0000000066f286fd, pid=3284, tid=3968
#
# JRE version: Java(TM) SE Runtime Environment (7.0_60-b19) (build 1.7.0_60-b19)
# Java VM: Java HotSpot(TM) 64-Bit Server VM (24.60-b09 mixed mode windows-amd64 compressed oops)
# Problematic frame:
# C  [awt.dll+0x886fd]
#
# Failed to write core dump. Minidumps are not enabled by default on client versions of Windows
#
# If you would like to submit a bug report, please visit:
#   http://bugreport.sun.com/bugreport/crash.jsp
# The crash happened outside the Java Virtual Machine in native code.
# See problematic frame for where to report the bug.
#

---------------  T H R E A D  ---------------

Current thread (0x0000000010dfc000):  JavaThread "AWT-Windows" daemon [_thread_in_native, id=3968, stack(0x0000000012ae0000,0x0000000012be0000)]

siginfo: ExceptionCode=0xc0000005, reading address 0xffffffffffffffff

Registers:
RAX=0x6e49746e65746e6f, RBX=0x0000000000000000, RCX=0x6e49746e65746e6f, RDX=0x0000000066f8bb98
RSP=0x0000000012bdecb0, RBP=0x0000000012bded69, RSI=0x0000000000000111, RDI=0x00000000168c7c78
R8 =0x0000000000000000, R9 =0x0000000000000000, R10=0x0000000066f92638, R11=0x0000000000000001
R12=0x00000000168c7bf0, R13=0x000000000000010d, R14=0x000000000000a220, R15=0x0000000000000000
RIP=0x0000000066f286fd, EFLAGS=0x0000000000010206

Top of Stack: (sp=0x0000000012bdecb0)
0x0000000012bdecb0:   0000000000000000 0000000000000000
0x0000000012bdecc0:   000000000000c1f9 0000000000000001
0x0000000012bdecd0:   0000000010dfc1e8 0000000066f2aaee
0x0000000012bdece0:   0000000010dfc1e8 0000000000000111
0x0000000012bdecf0:   0000000000000001 000007fefb9fcbca
0x0000000012bded00:   0000000000000001 0000000000000000
0x0000000012bded10:   000000000000c1f9 0000000000000000
0x0000000012bded20:   0000000000000000 000007fefb9fd00c
0x0000000012bded30:   0000000000000000 0000000000000001
0x0000000012bded40:   0000000000000000 0000000010dfc1e8
0x0000000012bded50:   fffffffffffffffe 00000000168c7c78
0x0000000012bded60:   00008f1800000001 0000000000000001
0x0000000012bded70:   0000529fb2c02aeb 00000000779c9bfa
0x0000000012bded80:   00008f18b88391d9 00000000000307e6
0x0000000012bded90:   0000000000000000 0000000000000111
0x0000000012bdeda0:   000000000000a220 000000000000a220 

Instructions: (pc=0x0000000066f286fd)
0x0000000066f286dd:   4d 85 c0 75 23 48 8d 0d a7 26 0c 00 e8 b2 72 02
0x0000000066f286ed:   00 48 8b c8 48 85 c0 75 07 b8 02 00 00 00 eb 29
0x0000000066f286fd:   48 8b 00 ff 50 10 eb f1 49 8b c8 e8 3b e7 ff ff
0x0000000066f2870d:   48 85 c0 74 0f 4c 8b 00 8b d3 48 8b c8 41 ff 90 


Register to memory mapping:

RAX=0x6e49746e65746e6f is an unknown value
RBX=0x0000000000000000 is an unknown value
RCX=0x6e49746e65746e6f is an unknown value
RDX=0x0000000066f8bb98 is an unknown value
RSP=0x0000000012bdecb0 is pointing into the stack for thread: 0x0000000010dfc000
RBP=0x0000000012bded69 is pointing into the stack for thread: 0x0000000010dfc000
RSI=0x0000000000000111 is an unknown value
RDI=0x00000000168c7c78 is an unknown value
R8 =0x0000000000000000 is an unknown value
R9 =0x0000000000000000 is an unknown value
R10=0x0000000066f92638 is an unknown value
R11=0x0000000000000001 is an unknown value
R12=0x00000000168c7bf0 is an unknown value
R13=0x000000000000010d is an unknown value
R14=0x000000000000a220 is an unknown value
R15=0x0000000000000000 is an unknown value


Stack: [0x0000000012ae0000,0x0000000012be0000],  sp=0x0000000012bdecb0,  free space=1019k
Native frames: (J=compiled Java code, j=interpreted, Vv=VM code, C=native code)
C  [awt.dll+0x886fd]

Java frames: (J=compiled Java code, j=interpreted, Vv=VM code)
j  sun.awt.windows.WToolkit.eventLoop()V+0
j  sun.awt.windows.WToolkit.run()V+61
j  java.lang.Thread.run()V+11
v  ~StubRoutines::call_stub

---------------  P R O C E S S  ---------------

Java Threads: ( => current thread )
  0x0000000016923000 JavaThread "TimerQueue" daemon [_thread_blocked, id=2112, stack(0x0000000017140000,0x0000000017240000)]
  0x0000000001e5f000 JavaThread "DestroyJavaVM" [_thread_blocked, id=3624, stack(0x00000000023e0000,0x00000000024e0000)]
  0x0000000010dfd000 JavaThread "AWT-EventQueue-0" [_thread_blocked, id=2624, stack(0x0000000013060000,0x0000000013160000)]
=>0x0000000010dfc000 JavaThread "AWT-Windows" daemon [_thread_in_native, id=3968, stack(0x0000000012ae0000,0x0000000012be0000)]
  0x0000000010de9000 JavaThread "AWT-Shutdown" [_thread_blocked, id=3824, stack(0x0000000012950000,0x0000000012a50000)]
  0x0000000010de8000 JavaThread "Java2D Disposer" daemon [_thread_blocked, id=2056, stack(0x00000000127e0000,0x00000000128e0000)]
  0x000000000fcdf000 JavaThread "Service Thread" daemon [_thread_blocked, id=644, stack(0x00000000121b0000,0x00000000122b0000)]
  0x000000000fcdd000 JavaThread "C2 CompilerThread1" daemon [_thread_blocked, id=2312, stack(0x00000000123c0000,0x00000000124c0000)]
  0x000000000fcd6000 JavaThread "C2 CompilerThread0" daemon [_thread_blocked, id=5392, stack(0x00000000124f0000,0x00000000125f0000)]
  0x000000000fcd5800 JavaThread "Attach Listener" daemon [_thread_blocked, id=3920, stack(0x00000000122b0000,0x00000000123b0000)]
  0x000000000fcd4800 JavaThread "Signal Dispatcher" daemon [_thread_blocked, id=5316, stack(0x0000000011ee0000,0x0000000011fe0000)]
  0x000000000fcc6000 JavaThread "Finalizer" daemon [_thread_blocked, id=2072, stack(0x0000000012010000,0x0000000012110000)]
  0x000000000227a000 JavaThread "Reference Handler" daemon [_thread_blocked, id=6716, stack(0x0000000011dc0000,0x0000000011ec0000)]

Other Threads:
  0x000000000fcbd000 VMThread [stack: 0x0000000011c60000,0x0000000011d60000] [id=7124]
  0x0000000010c84000 WatcherThread [stack: 0x00000000126a0000,0x00000000127a0000] [id=4784]

VM state:not at safepoint (normal execution)

VM Mutex/Monitor currently owned by a thread: None

Heap
 PSYoungGen      total 76288K, used 18392K [0x00000007ab200000, 0x00000007b0700000, 0x0000000800000000)
  eden space 65536K, 28% used [0x00000007ab200000,0x00000007ac3f61f8,0x00000007af200000)
  from space 10752K, 0% used [0x00000007afc80000,0x00000007afc80000,0x00000007b0700000)
  to   space 10752K, 0% used [0x00000007af200000,0x00000007af200000,0x00000007afc80000)
 ParOldGen       total 173568K, used 0K [0x0000000701600000, 0x000000070bf80000, 0x00000007ab200000)
  object space 173568K, 0% used [0x0000000701600000,0x0000000701600000,0x000000070bf80000)
 PSPermGen       total 21504K, used 11475K [0x00000006fc400000, 0x00000006fd900000, 0x0000000701600000)
  object space 21504K, 53% used [0x00000006fc400000,0x00000006fcf34c08,0x00000006fd900000)

Card table byte_map: [0x00000000055a0000,0x0000000005dc0000] byte_map_base: 0x0000000001dbe000

Polling page: 0x00000000005e0000

Code Cache  [0x00000000024e0000, 0x0000000002750000, 0x00000000054e0000)
 total_blobs=520 nmethods=81 adapters=391 free_code_cache=48536Kb largest_free_block=49672512

Compilation events (10 events):
Event: 22.896 Thread 0x000000000fcdd000 nmethod 77 0x000000000257c950 code [0x000000000257ca80, 0x000000000257cad8]
Event: 22.896 Thread 0x000000000fcd6000 nmethod 76 0x000000000257c750 code [0x000000000257c880, 0x000000000257c8d8]
Event: 24.540 Thread 0x000000000fcd6000   78             javax.swing.JComponent::getX (5 bytes)
Event: 24.540 Thread 0x000000000fcdd000   79             javax.swing.JComponent::getY (5 bytes)
Event: 24.541 Thread 0x000000000fcdd000 nmethod 79 0x0000000002572790 code [0x00000000025728c0, 0x0000000002572918]
Event: 24.541 Thread 0x000000000fcd6000 nmethod 78 0x0000000002572590 code [0x00000000025726c0, 0x0000000002572718]
Event: 24.785 Thread 0x000000000fcdd000   80             java.awt.Component::isShowing (38 bytes)
Event: 24.786 Thread 0x000000000fcdd000 nmethod 80 0x00000000025722d0 code [0x0000000002572420, 0x00000000025724d8]
Event: 25.381 Thread 0x000000000fcd6000   81             javax.swing.SwingUtilities::getRootPane (43 bytes)
Event: 25.382 Thread 0x000000000fcd6000 nmethod 81 0x0000000002571f10 code [0x0000000002572060, 0x0000000002572198]

GC Heap History (0 events):
No events

Deoptimization events (4 events):
Event: 0.300 Thread 0x0000000010dfd000 Uncommon trap: reason=class_check action=maybe_recompile pc=0x0000000002553464 method=java.lang.String.equals(Ljava/lang/Object;)Z @ 8
Event: 0.300 Thread 0x0000000010dfd000 Uncommon trap: reason=class_check action=maybe_recompile pc=0x0000000002553464 method=java.lang.String.equals(Ljava/lang/Object;)Z @ 8
Event: 0.301 Thread 0x0000000010dfd000 Uncommon trap: reason=class_check action=maybe_recompile pc=0x0000000002553464 method=java.lang.String.equals(Ljava/lang/Object;)Z @ 8
Event: 0.301 Thread 0x0000000010dfd000 Uncommon trap: reason=class_check action=maybe_recompile pc=0x0000000002553464 method=java.lang.String.equals(Ljava/lang/Object;)Z @ 8

Internal exceptions (10 events):
Event: 0.325 Thread 0x0000000010dfd000 Threw 0x00000007abf2c200 at C:\re\jdk7u60\1081\hotspot\src\share\vm\prims\jvm.cpp:1244
Event: 0.325 Thread 0x0000000010dfd000 Threw 0x00000007abf2f5c8 at C:\re\jdk7u60\1081\hotspot\src\share\vm\prims\jvm.cpp:1244
Event: 0.326 Thread 0x0000000010dfd000 Threw 0x00000007abf33040 at C:\re\jdk7u60\1081\hotspot\src\share\vm\prims\jvm.cpp:1244
Event: 0.328 Thread 0x0000000010dfd000 Threw 0x00000007abf39840 at C:\re\jdk7u60\1081\hotspot\src\share\vm\prims\jvm.cpp:1244
Event: 0.547 Thread 0x0000000010dfd000 Threw 0x00000007abf50390 at C:\re\jdk7u60\1081\hotspot\src\share\vm\prims\jvm.cpp:1244
Event: 0.548 Thread 0x0000000010dfd000 Threw 0x00000007abf53a00 at C:\re\jdk7u60\1081\hotspot\src\share\vm\prims\jvm.cpp:1244
Event: 0.548 Thread 0x0000000010dfd000 Threw 0x00000007abf55b18 at C:\re\jdk7u60\1081\hotspot\src\share\vm\prims\jvm.cpp:1244
Event: 0.554 Thread 0x0000000010dfd000 Threw 0x00000007abf771e8 at C:\re\jdk7u60\1081\hotspot\src\share\vm\prims\jvm.cpp:1244
Event: 0.554 Thread 0x0000000010dfd000 Threw 0x00000007abf79ba8 at C:\re\jdk7u60\1081\hotspot\src\share\vm\prims\jvm.cpp:1244
Event: 0.559 Thread 0x0000000010dfd000 Threw 0x00000007abf7d310 at C:\re\jdk7u60\1081\hotspot\src\share\vm\prims\jvm.cpp:1244

Events (10 events):
Event: 0.601 loading class 0x000000000fb25310 done
Event: 0.601 loading class 0x0000000010d372d0
Event: 0.601 loading class 0x0000000010d372d0 done
Event: 0.601 loading class 0x0000000010d372a0
Event: 0.601 loading class 0x0000000010d37270
Event: 0.601 loading class 0x0000000010d37270 done
Event: 0.601 loading class 0x0000000010d372a0 done
Event: 4.111 Executing VM operation: EnableBiasedLocking
Event: 4.111 Executing VM operation: EnableBiasedLocking done
Event: 5.276 Thread 0x0000000016958800 Thread exited: 0x0000000016958800


Dynamic libraries:
0x000000013fae0000 - 0x000000013fb13000 	C:\Program Files\MATLAB\R2015b\sys\java\jre\win64\jre\bin\java.exe
0x0000000077bb0000 - 0x0000000077d59000 	C:\windows\SYSTEM32\ntdll.dll
0x0000000077a90000 - 0x0000000077baf000 	C:\windows\system32\kernel32.dll
0x000007fefdca0000 - 0x000007fefdd0b000 	C:\windows\system32\KERNELBASE.dll
0x000007fefdd10000 - 0x000007fefddeb000 	C:\windows\system32\ADVAPI32.dll
0x000007fefde70000 - 0x000007fefdf0f000 	C:\windows\system32\msvcrt.dll
0x000007fefe560000 - 0x000007fefe57f000 	C:\windows\SYSTEM32\sechost.dll
0x000007fefe200000 - 0x000007fefe32d000 	C:\windows\system32\RPCRT4.dll
0x0000000077990000 - 0x0000000077a8a000 	C:\windows\system32\USER32.dll
0x000007fefe190000 - 0x000007fefe1f7000 	C:\windows\system32\GDI32.dll
0x000007feff670000 - 0x000007feff67e000 	C:\windows\system32\LPK.dll
0x000007fefe7e0000 - 0x000007fefe8aa000 	C:\windows\system32\USP10.dll
0x000007fefc490000 - 0x000007fefc684000 	C:\windows\WinSxS\amd64_microsoft.windows.common-controls_6595b64144ccf1df_6.0.7601.18837_none_fa3b1e3d17594757\COMCTL32.dll
0x000007fefe580000 - 0x000007fefe5f1000 	C:\windows\system32\SHLWAPI.dll
0x000007feff640000 - 0x000007feff66e000 	C:\windows\system32\IMM32.DLL
0x000007feff680000 - 0x000007feff789000 	C:\windows\system32\MSCTF.dll
0x00000000756a0000 - 0x00000000756d8000 	C:\PROGRA~2\Sophos\SOPHOS~1\SOPHOS~2.DLL
0x0000000077d70000 - 0x0000000077d77000 	C:\windows\system32\PSAPI.DLL
0x0000000065db0000 - 0x0000000065e82000 	C:\Program Files\MATLAB\R2015b\sys\java\jre\win64\jre\bin\msvcr100.dll
0x0000000067040000 - 0x0000000067812000 	C:\Program Files\MATLAB\R2015b\sys\java\jre\win64\jre\bin\server\jvm.dll
0x000007fef9ae0000 - 0x000007fef9ae9000 	C:\windows\system32\WSOCK32.dll
0x000007feffcf0000 - 0x000007feffd3d000 	C:\windows\system32\WS2_32.dll
0x000007fefdf10000 - 0x000007fefdf18000 	C:\windows\system32\NSI.dll
0x000007fefaed0000 - 0x000007fefaf0b000 	C:\windows\system32\WINMM.dll
0x000000006fdc0000 - 0x000000006fdcf000 	C:\Program Files\MATLAB\R2015b\sys\java\jre\win64\jre\bin\verify.dll
0x0000000067da0000 - 0x0000000067dc8000 	C:\Program Files\MATLAB\R2015b\sys\java\jre\win64\jre\bin\java.dll
0x000000006fda0000 - 0x000000006fdb5000 	C:\Program Files\MATLAB\R2015b\sys\java\jre\win64\jre\bin\zip.dll
0x0000000066ea0000 - 0x0000000067035000 	C:\Program Files\MATLAB\R2015b\sys\java\jre\win64\jre\bin\awt.dll
0x000007feffde0000 - 0x000007feffeb7000 	C:\windows\system32\OLEAUT32.dll
0x000007feff790000 - 0x000007feff993000 	C:\windows\system32\ole32.dll
0x000007fefc430000 - 0x000007fefc486000 	C:\windows\system32\uxtheme.dll
0x000007fefb9f0000 - 0x000007fefba38000 	C:\Program Files (x86)\TeamViewer\tv_x64.dll
0x000007fefcad0000 - 0x000007fefcadc000 	C:\windows\system32\VERSION.dll
0x000007fefe8b0000 - 0x000007feff63a000 	C:\windows\system32\SHELL32.dll
0x000007fefc980000 - 0x000007fefc998000 	C:\windows\system32\dwmapi.dll
0x000007fefd7b0000 - 0x000007fefd7bf000 	C:\windows\system32\CRYPTBASE.dll
0x00000000fa650000 - 0x00000000fa671000 	C:\Program Files\MATLAB\R2015b\bin\win64\nativejava.dll
0x00000000fe9a0000 - 0x00000000fea6a000 	C:\Program Files\MATLAB\R2015b\bin\win64\libut.dll
0x00000000fff00000 - 0x0000000100001000 	C:\Program Files\MATLAB\R2015b\bin\win64\libmwi18n.dll
0x00000000ffef0000 - 0x00000000ffef9000 	C:\Program Files\MATLAB\R2015b\bin\win64\libmwresource_core.dll
0x000007fef6940000 - 0x000007fef69e7000 	C:\Program Files\MATLAB\R2015b\bin\win64\MSVCP110.dll
0x000007fef63e0000 - 0x000007fef64b4000 	C:\Program Files\MATLAB\R2015b\bin\win64\MSVCR110.dll
0x000007fefb930000 - 0x000007fefb93f000 	C:\Program Files\MATLAB\R2015b\bin\win64\boost_date_time-vc110-mt-1_49.dll
0x000007fef78e0000 - 0x000007fef790c000 	C:\Program Files\MATLAB\R2015b\bin\win64\boost_filesystem-vc110-mt-1_49.dll
0x000007fefb990000 - 0x000007fefb999000 	C:\Program Files\MATLAB\R2015b\bin\win64\boost_system-vc110-mt-1_49.dll
0x000007fef8800000 - 0x000007fef8811000 	C:\Program Files\MATLAB\R2015b\bin\win64\boost_thread-vc110-mt-1_49.dll
0x000007fef82d0000 - 0x000007fef82f5000 	C:\Program Files\MATLAB\R2015b\bin\win64\LIBEXPAT.dll
0x000000006ff60000 - 0x0000000070137000 	C:\Program Files\MATLAB\R2015b\bin\win64\icuin54.dll
0x0000000070730000 - 0x0000000070886000 	C:\Program Files\MATLAB\R2015b\bin\win64\icuuc54.dll
0x000000005f5d0000 - 0x0000000060dfc000 	C:\Program Files\MATLAB\R2015b\bin\win64\icudt54.dll
0x0000000070710000 - 0x0000000070721000 	C:\Program Files\MATLAB\R2015b\bin\win64\icuio54.dll
0x0000000013460000 - 0x0000000013685000 	C:\Program Files\MATLAB\R2015b\bin\win64\libmwfl.dll
0x000007fefde50000 - 0x000007fefde69000 	C:\windows\system32\imagehlp.dll
0x000007fef6a10000 - 0x000007fef6a98000 	C:\Program Files\MATLAB\R2015b\bin\win64\boost_log-vc110-mt-1_49.dll
0x000007fef6300000 - 0x000007fef63dd000 	C:\Program Files\MATLAB\R2015b\bin\win64\boost_regex-vc110-mt-1_49.dll
0x000007fef68f0000 - 0x000007fef6935000 	C:\Program Files\MATLAB\R2015b\bin\win64\boost_serialization-vc110-mt-1_49.dll
0x000007fef9740000 - 0x000007fef9751000 	C:\Program Files\MATLAB\R2015b\bin\win64\boost_signals-vc110-mt-1_49.dll
0x000007fef6df0000 - 0x000007fef6e2f000 	C:\Program Files\MATLAB\R2015b\bin\win64\tbb.dll
0x000007fefc9a0000 - 0x000007fefc9cc000 	C:\windows\system32\POWRPROF.dll
0x000007fefe600000 - 0x000007fefe7d7000 	C:\windows\system32\SETUPAPI.dll
0x000007fefdaa0000 - 0x000007fefdad6000 	C:\windows\system32\CFGMGR32.dll
0x000007fefd9b0000 - 0x000007fefd9ca000 	C:\windows\system32\DEVOBJ.dll
0x00000000faa50000 - 0x00000000faa81000 	C:\Program Files\MATLAB\R2015b\bin\win64\libmwnativedialogs.dll
0x00000000fafe0000 - 0x00000000fb16e000 	C:\Program Files\MATLAB\R2015b\bin\win64\jmi.dll
0x00000000fdd10000 - 0x00000000fe0df000 	C:\Program Files\MATLAB\R2015b\bin\win64\libmwms.dll
0x000007fef9f80000 - 0x000007fef9f90000 	C:\Program Files\MATLAB\R2015b\bin\win64\boost_iostreams-vc110-mt-1_49.dll
0x000007fefd0f0000 - 0x000007fefd145000 	C:\windows\system32\MSWSOCK.dll
0x00000000fd610000 - 0x00000000fda54000 	C:\Program Files\MATLAB\R2015b\bin\win64\mlutil.dll
0x00000000fe100000 - 0x00000000fe2b2000 	C:\Program Files\MATLAB\R2015b\bin\win64\libmx.dll
0x000007fef62c0000 - 0x000007fef6300000 	C:\Program Files\MATLAB\R2015b\bin\win64\tbbmalloc.dll
0x00000000706f0000 - 0x0000000070707000 	C:\Program Files\MATLAB\R2015b\bin\win64\zlib1.dll
0x0000000180000000 - 0x000000018032f000 	C:\Program Files\MATLAB\R2015b\bin\win64\settingscore.dll
0x00000000fd590000 - 0x00000000fd609000 	C:\Program Files\MATLAB\R2015b\bin\win64\xmlcore.dll
0x0000000013690000 - 0x00000000138f3000 	C:\Program Files\MATLAB\R2015b\bin\win64\xerces-c_3_1.dll
0x0000000002380000 - 0x00000000023d5000 	C:\Program Files\MATLAB\R2015b\bin\win64\mpath.dll
0x0000000013900000 - 0x0000000013db0000 	C:\Program Files\MATLAB\R2015b\bin\win64\libmwservices.dll
0x0000000006310000 - 0x0000000006327000 	C:\Program Files\MATLAB\R2015b\bin\win64\display_device.dll
0x0000000006570000 - 0x00000000065c0000 	C:\Program Files\MATLAB\R2015b\bin\win64\libmwregexp.dll
0x00000000fd310000 - 0x00000000fd316000 	C:\Program Files\MATLAB\R2015b\bin\win64\libmwnativedisplay.dll
0x00000000068d0000 - 0x000000000692a000 	C:\Program Files\MATLAB\R2015b\bin\win64\opccore.dll
0x00000000fd1e0000 - 0x00000000fd2f9000 	C:\Program Files\MATLAB\R2015b\bin\win64\opcmodel.dll
0x0000000013db0000 - 0x0000000014021000 	C:\Program Files\MATLAB\R2015b\bin\win64\libmwflnetwork.dll
0x00000000fd1b0000 - 0x00000000fd1db000 	C:\Program Files\MATLAB\R2015b\bin\win64\opczippackage.dll
0x00000000710b0000 - 0x00000000710bf000 	C:\Program Files\MATLAB\R2015b\bin\win64\libminizip.dll
0x0000000014030000 - 0x00000000141c8000 	C:\Program Files\MATLAB\R2015b\bin\win64\opcmwservices.dll
0x0000000006330000 - 0x000000000634f000 	C:\Program Files\MATLAB\R2015b\bin\win64\webproxy.dll
0x000007fef9170000 - 0x000007fef91e1000 	C:\windows\system32\WINHTTP.dll
0x000007fef9100000 - 0x000007fef9164000 	C:\windows\system32\webio.dll
0x000007feffd40000 - 0x000007feffdd7000 	C:\windows\system32\COMDLG32.dll
0x000007fefb7f0000 - 0x000007fefb806000 	C:\windows\system32\NETAPI32.dll
0x000007fefcd80000 - 0x000007fefcd8c000 	C:\windows\system32\netutils.dll
0x000007fefd630000 - 0x000007fefd653000 	C:\windows\system32\srvcli.dll
0x000007fefb7d0000 - 0x000007fefb7e5000 	C:\windows\system32\wkscli.dll
0x000007fef60d0000 - 0x000007fef62be000 	C:\Program Files\MATLAB\R2015b\bin\win64\PocoFoundation64.dll
0x000007fefc260000 - 0x000007fefc287000 	C:\windows\system32\IPHLPAPI.DLL
0x000007fefcac0000 - 0x000007fefcacb000 	C:\windows\system32\WINNSI.DLL
0x000007fef5fb0000 - 0x000007fef60cf000 	C:\Program Files\MATLAB\R2015b\bin\win64\PocoNet64.dll
0x000007fef5f60000 - 0x000007fef5fa9000 	C:\Program Files\MATLAB\R2015b\bin\win64\PocoNetSSL64.dll
0x000007fef5dd0000 - 0x000007fef5f59000 	C:\Program Files\MATLAB\R2015b\bin\win64\LIBEAY32.dll
0x000007fef5d70000 - 0x000007fef5dc9000 	C:\Program Files\MATLAB\R2015b\bin\win64\SSLEAY32.dll
0x000007fef5d40000 - 0x000007fef5d6b000 	C:\Program Files\MATLAB\R2015b\bin\win64\PocoCrypto64.dll
0x000007fef5cb0000 - 0x000007fef5d33000 	C:\Program Files\MATLAB\R2015b\bin\win64\PocoUtil64.dll
0x000007feec780000 - 0x000007feec835000 	C:\Program Files\MATLAB\R2015b\bin\win64\PocoXML64.dll
0x000007fef4fa0000 - 0x000007fef4ffc000 	C:\Program Files\MATLAB\R2015b\bin\win64\PocoJSON64.dll
0x0000000012be0000 - 0x0000000012cbe000 	C:\Program Files\MATLAB\R2015b\bin\win64\m_dispatcher.dll
0x00000000141d0000 - 0x0000000014ad2000 	C:\Program Files\MATLAB\R2015b\bin\win64\m_interpreter.dll
0x00000000fc5e0000 - 0x00000000fc613000 	C:\Program Files\MATLAB\R2015b\bin\win64\libmex.dll
0x00000000fc560000 - 0x00000000fc5df000 	C:\Program Files\MATLAB\R2015b\bin\win64\profiler.dll
0x0000000012d70000 - 0x0000000012ef3000 	C:\Program Files\MATLAB\R2015b\bin\win64\libmwmathutil.dll
0x00000000fc3b0000 - 0x00000000fc41c000 	C:\Program Files\MATLAB\R2015b\bin\win64\libmwmathrng.dll
0x0000000006930000 - 0x0000000006944000 	C:\Program Files\MATLAB\R2015b\bin\win64\libmwmfl_rng.dll
0x0000000006950000 - 0x0000000006957000 	C:\Program Files\MATLAB\R2015b\bin\win64\libmwdSFMT.dll
0x0000000014ae0000 - 0x0000000014cc6000 	C:\Program Files\MATLAB\R2015b\bin\win64\libmwmathcore.dll
0x00000000fc200000 - 0x00000000fc279000 	C:\Program Files\MATLAB\R2015b\bin\win64\libmwspmatrix.dll
0x00000000fbf70000 - 0x00000000fbfb8000 	C:\Program Files\MATLAB\R2015b\bin\win64\mcos.dll
0x00000000fbf10000 - 0x00000000fbf6b000 	C:\Program Files\MATLAB\R2015b\bin\win64\libmwcholmod.dll
0x00000000fbf00000 - 0x00000000fbf0c000 	C:\Program Files\MATLAB\R2015b\bin\win64\libmwamd.dll
0x00000000fbef0000 - 0x00000000fbefb000 	C:\Program Files\MATLAB\R2015b\bin\win64\libmwcolamd.dll
0x00000000fbed0000 - 0x00000000fbeea000 	C:\Program Files\MATLAB\R2015b\bin\win64\libmwblas.dll
0x0000000006a60000 - 0x0000000006a81000 	C:\Program Files\MATLAB\R2015b\bin\win64\libmwbinder.dll
0x00000000fbea0000 - 0x00000000fbeab000 	C:\Program Files\MATLAB\R2015b\bin\win64\libmwompwrapper.dll
0x0000000014cd0000 - 0x0000000014da4000 	C:\Program Files\MATLAB\R2015b\bin\win64\libmwlapack.dll
0x00000000fbe00000 - 0x00000000fbe21000 	C:\Program Files\MATLAB\R2015b\bin\win64\m_pcodeio.dll
0x0000000006a90000 - 0x0000000006afb000 	C:\Program Files\MATLAB\R2015b\bin\win64\m_ir.dll
0x0000000014db0000 - 0x00000000154be000 	C:\Program Files\MATLAB\R2015b\bin\win64\m_parser.dll
0x00000000fb660000 - 0x00000000fb679000 	C:\Program Files\MATLAB\R2015b\bin\win64\ir_xfmr.dll
0x0000000006d10000 - 0x0000000006d22000 	C:\Program Files\MATLAB\R2015b\bin\win64\mtok.dll
0x00000000fb620000 - 0x00000000fb64a000 	C:\Program Files\MATLAB\R2015b\bin\win64\m_pcodegen.dll

VM Arguments:
java_command: com.mathworks.fatalexit.FatalExitFrame C:\Users\TKMELD~1\AppData\Local\Temp\matlab_crash_dump.3532-1
Launcher Type: SUN_STANDARD

Environment Variables:
PATH=C:\Program Files\MATLAB\R2015b\bin\win64;C:\ProgramData\Oracle\Java\javapath;C:\windows\system32;C:\windows;C:\windows\System32\Wbem;C:\windows\System32\WindowsPowerShell\v1.0\;C:\Windows\Setup\Scripts;C:\Program Files\MATLAB\R2015b\runtime\win64;C:\Program Files\MATLAB\R2015b\bin;C:\Program Files (x86)\QuickTime\QTSystem\
USERNAME=tkmeldrum
OS=Windows_NT
PROCESSOR_IDENTIFIER=Intel64 Family 6 Model 60 Stepping 3, GenuineIntel



---------------  S Y S T E M  ---------------

OS: Windows 7 , 64 bit Build 7601 Service Pack 1

CPU:total 8 (4 cores per cpu, 2 threads per core) family 6 model 60 stepping 3, cmov, cx8, fxsr, mmx, sse, sse2, sse3, ssse3, sse4.1, sse4.2, popcnt, avx, avx2, aes, erms, ht, tsc, tscinvbit

Memory: 4k page, physical 16683112k(12796112k free), swap 33364368k(29026464k free)

vm_info: Java HotSpot(TM) 64-Bit Server VM (24.60-b09) for windows-amd64 JRE (1.7.0_60-b19), built on May  7 2014 12:55:18 by "java_re" with unknown MS VC++:1600

time: Wed Jan 20 16:32:12 2016
elapsed time: 25 seconds

